2023-06-29 12:03:34.364 [main] WARN  net.corda.securitymanager.internal.SecurityManagerServiceImpl {} - Security Manager disabled
2023-06-29 12:03:40.916 [main] INFO  net.corda.securitymanager.internal.SecurityConfigHandlerImpl {} - SecurityConfigHandler started
2023-06-29 12:03:42.939 [main] WARN  [quasar] {} - UnableToInstrumentException encountered when instrumenting net/corda/db/connection/manager/impl/DbConnectionManagerImpl$1#invoke(Ljava/time/Duration;)V: Unable to instrument net/corda/db/connection/manager/impl/DbConnectionManagerImpl$1#invoke(Ljava/time/Duration;)V because of blocking call to java/lang/Thread#sleep(J)V
2023-06-29 12:03:47.163 [main] INFO  net.corda.applications.workers.combined.CombinedWorker {} - Combined worker starting.
2023-06-29 12:03:47.186 [main] INFO  net.corda.applications.workers.combined.CombinedWorker {} - LocalWorkerPlatformVersion 999
2023-06-29 12:03:47.186 [main] INFO  net.corda.applications.workers.combined.CombinedWorker {} - LocalWorkerSoftwareVersion 5.0.0.0-Gecko10
2023-06-29 12:03:47.195 [main] INFO  net.corda.applications.workers.combined.CombinedWorker {} - PID: 36994
2023-06-29 12:03:47.196 [main] INFO  net.corda.applications.workers.combined.CombinedWorker {} - Command: /Library/Java/JavaVirtualMachines/adoptopenjdk-11.jdk/Contents/Home/bin/java
2023-06-29 12:03:47.203 [main] INFO  net.corda.applications.workers.combined.CombinedWorker {} - argument 0, -agentlib:jdwp=transport=dt_socket,server=y,suspend=n,address=*:5005
2023-06-29 12:03:47.204 [main] INFO  net.corda.applications.workers.combined.CombinedWorker {} - argument 1, -DsecurityMangerEnabled=false
2023-06-29 12:03:47.204 [main] INFO  net.corda.applications.workers.combined.CombinedWorker {} - argument 2, -Dlog4j.configurationFile=/Users/nadine.loepfe/corda5-samples/kotlin-samples/corda5-obligation-cordapp/config/log4j2.xml
2023-06-29 12:03:47.204 [main] INFO  net.corda.applications.workers.combined.CombinedWorker {} - argument 3, -Dco.paralleluniverse.fibers.verifyInstrumentation=true
2023-06-29 12:03:47.204 [main] INFO  net.corda.applications.workers.combined.CombinedWorker {} - argument 4, -jar
2023-06-29 12:03:47.204 [main] INFO  net.corda.applications.workers.combined.CombinedWorker {} - argument 5, /Users/nadine.loepfe/.gradle/caches/modules-2/files-2.1/net.corda/corda-combined-worker/5.0.0.0-Gecko1.0/f6ded2fc795f0601560343ab8e0edcc859c51670/corda-combined-worker-5.0.0.0-Gecko1.0.jar
2023-06-29 12:03:47.204 [main] INFO  net.corda.applications.workers.combined.CombinedWorker {} - argument 6, --instance-id=0
2023-06-29 12:03:47.204 [main] INFO  net.corda.applications.workers.combined.CombinedWorker {} - argument 7, -mbus.busType=DATABASE
2023-06-29 12:03:47.204 [main] INFO  net.corda.applications.workers.combined.CombinedWorker {} - argument 9, -ssalt=salt
2023-06-29 12:03:47.204 [main] INFO  net.corda.applications.workers.combined.CombinedWorker {} - argument 10, -ddatabase.user=user
2023-06-29 12:03:47.204 [main] INFO  net.corda.applications.workers.combined.CombinedWorker {} - argument 12, -ddatabase.jdbc.url=jdbc:postgresql://localhost:5432/cordacluster
2023-06-29 12:03:47.204 [main] INFO  net.corda.applications.workers.combined.CombinedWorker {} - argument 13, -ddatabase.jdbc.directory=/Users/nadine.loepfe/.corda/corda5/jdbcDrivers
2023-06-29 12:03:47.204 [main] INFO  net.corda.applications.workers.combined.CombinedWorker {} - User: nadine.loepfe
2023-06-29 12:03:47.210 [main] INFO  net.corda.applications.workers.combined.CombinedWorker {} - StartInstant: 2023-06-29T11:03:24.356Z
2023-06-29 12:03:47.211 [main] INFO  net.corda.applications.workers.combined.CombinedWorker {} - TotalCpuDuration: PT42.982299S
2023-06-29 12:03:47.211 [main] INFO  net.corda.applications.workers.combined.CombinedWorker {} - classpath: /Users/nadine.loepfe/.gradle/caches/modules-2/files-2.1/net.corda/corda-combined-worker/5.0.0.0-Gecko1.0/f6ded2fc795f0601560343ab8e0edcc859c51670/corda-combined-worker-5.0.0.0-Gecko1.0.jar
2023-06-29 12:03:47.229 [main] INFO  net.corda.applications.workers.combined.CombinedWorker {} - VM OpenJDK 64-Bit Server VM AdoptOpenJDK 11.0.11+9
2023-06-29 12:03:47.242 [main] INFO  net.corda.applications.workers.combined.CombinedWorker {} - Quasar's instrumentation verification is enabled
2023-06-29 12:03:48.226 [main] INFO  net.corda.applications.workers.combined.CombinedWorker {} - Combined worker stopping.
2023-06-29 12:03:48.227 [main] INFO  net.corda.processors.crypto.internal.CryptoProcessorImpl {} - Crypto processor stopping.
2023-06-29 12:03:48.227 [main] INFO  net.corda.processors.uniqueness.internal.UniquenessProcessorImpl {} - Uniqueness processor stopping.
2023-06-29 12:03:48.227 [main] INFO  net.corda.processors.db.internal.DBProcessorImpl {} - DB processor stopping.
2023-06-29 12:03:48.227 [main] INFO  net.corda.processors.flow.internal.FlowProcessorImpl {} - Flow processor stopping.
2023-06-29 12:03:48.229 [main] INFO  net.corda.processors.verification.internal.VerificationProcessorImpl {} - Verification processor stopping.
2023-06-29 12:03:48.229 [main] INFO  net.corda.processors.rest.internal.RestProcessorImpl {} - REST processor stopping.
2023-06-29 12:03:48.230 [main] INFO  net.corda.processors.p2p.linkmanager.internal.LinkManagerProcessorImpl {} - Link manager processor stopping.
2023-06-29 12:03:48.230 [main] INFO  net.corda.processors.p2p.gateway.internal.GatewayProcessorImpl {} - Gateway processor stopping.
2023-06-29 12:03:48.232 [main] ERROR net.corda.osgi.framework.OSGiFrameworkMain {} - Error: Connection to localhost:5432 refused. Check that the hostname and port are correct and that the postmaster is accepting TCP/IP connections.
org.postgresql.util.PSQLException: Connection to localhost:5432 refused. Check that the hostname and port are correct and that the postmaster is accepting TCP/IP connections.
	at org.postgresql.core.v3.ConnectionFactoryImpl.openConnectionImpl(ConnectionFactoryImpl.java:319) ~[?:?]
	at org.postgresql.core.ConnectionFactory.openConnection(ConnectionFactory.java:49) ~[?:?]
	at org.postgresql.jdbc.PgConnection.<init>(PgConnection.java:247) ~[?:?]
	at org.postgresql.Driver.makeConnection(Driver.java:434) ~[?:?]
	at org.postgresql.Driver.connect(Driver.java:291) ~[?:?]
	at java.sql.DriverManager.getConnection(DriverManager.java:677) ~[java.sql:?]
	at java.sql.DriverManager.getConnection(DriverManager.java:228) ~[java.sql:?]
	at org.postgresql.ds.common.BaseDataSource.getConnection(BaseDataSource.java:103) ~[?:?]
	at org.postgresql.ds.common.BaseDataSource.getConnection(BaseDataSource.java:87) ~[?:?]
	at net.corda.application.dbsetup.PostgresDbSetup.superUserConnection(PostgresDbSetup.kt:102) ~[?:?]
	at net.corda.application.dbsetup.PostgresDbSetup.dbInitialised(PostgresDbSetup.kt:119) ~[?:?]
	at net.corda.application.dbsetup.PostgresDbSetup.run(PostgresDbSetup.kt:54) ~[?:?]
	at net.corda.applications.workers.combined.CombinedWorker.startup(CombinedWorker.kt:140) ~[?:?]
	at net.corda.osgi.framework.OSGiFrameworkWrap.startApplication(OSGiFrameworkWrap.java:599) ~[corda-combined-worker-5.0.0.0-Gecko1.0.jar:?]
	at net.corda.osgi.framework.OSGiFrameworkMain.main(OSGiFrameworkMain.java:169) ~[corda-combined-worker-5.0.0.0-Gecko1.0.jar:?]
Caused by: java.net.ConnectException: Connection refused (Connection refused)
	at java.net.PlainSocketImpl.socketConnect(Native Method) ~[?:?]
	at java.net.AbstractPlainSocketImpl.doConnect(AbstractPlainSocketImpl.java:399) ~[?:?]
	at java.net.AbstractPlainSocketImpl.connectToAddress(AbstractPlainSocketImpl.java:242) ~[?:?]
	at java.net.AbstractPlainSocketImpl.connect(AbstractPlainSocketImpl.java:224) ~[?:?]
	at java.net.SocksSocketImpl.connect(SocksSocketImpl.java:392) ~[?:?]
	at java.net.Socket.connect(Socket.java:609) ~[?:?]
	at org.postgresql.core.PGStream.createSocket(PGStream.java:241) ~[?:?]
	at org.postgresql.core.PGStream.<init>(PGStream.java:98) ~[?:?]
	at org.postgresql.core.v3.ConnectionFactoryImpl.tryConnect(ConnectionFactoryImpl.java:109) ~[?:?]
	at org.postgresql.core.v3.ConnectionFactoryImpl.openConnectionImpl(ConnectionFactoryImpl.java:235) ~[?:?]
	... 14 more
2023-06-29 12:03:48.248 [shutdown] INFO  net.corda.applications.workers.combined.CombinedWorker {} - Combined worker stopping.
2023-06-29 12:03:48.253 [shutdown] INFO  net.corda.processors.crypto.internal.CryptoProcessorImpl {} - Crypto processor stopping.
2023-06-29 12:03:48.253 [shutdown] INFO  net.corda.processors.uniqueness.internal.UniquenessProcessorImpl {} - Uniqueness processor stopping.
2023-06-29 12:03:48.253 [shutdown] INFO  net.corda.processors.db.internal.DBProcessorImpl {} - DB processor stopping.
2023-06-29 12:03:48.253 [shutdown] INFO  net.corda.processors.flow.internal.FlowProcessorImpl {} - Flow processor stopping.
2023-06-29 12:03:48.253 [shutdown] INFO  net.corda.processors.verification.internal.VerificationProcessorImpl {} - Verification processor stopping.
2023-06-29 12:03:48.253 [shutdown] INFO  net.corda.processors.rest.internal.RestProcessorImpl {} - REST processor stopping.
2023-06-29 12:03:48.254 [shutdown] INFO  net.corda.processors.p2p.linkmanager.internal.LinkManagerProcessorImpl {} - Link manager processor stopping.
2023-06-29 12:03:48.254 [shutdown] INFO  net.corda.processors.p2p.gateway.internal.GatewayProcessorImpl {} - Gateway processor stopping.
